[0.456s] DEBUG:colcon:Command line arguments: ['/home/afb23/.local/bin/colcon', 'build']
[0.457s] DEBUG:colcon:Parsed command line arguments: Namespace(log_base=None, log_level=None, verb_name='build', build_base='build', install_base='install', merge_install=False, symlink_install=False, test_result_base=None, continue_on_error=False, executor='parallel', parallel_workers=32, event_handlers=None, ignore_user_meta=False, metas=['./colcon.meta'], base_paths=['.'], packages_ignore=None, packages_ignore_regex=None, paths=None, packages_up_to=None, packages_up_to_regex=None, packages_above=None, packages_above_and_dependencies=None, packages_above_depth=None, packages_select_by_dep=None, packages_skip_by_dep=None, packages_skip_up_to=None, packages_select_build_failed=False, packages_skip_build_finished=False, packages_select_test_failures=False, packages_skip_test_passed=False, packages_select=None, packages_skip=None, packages_select_regex=None, packages_skip_regex=None, packages_start=None, packages_end=None, allow_overriding=[], cargo_args=None, clean_build=False, cmake_args=None, cmake_target=None, cmake_target_skip_unavailable=False, cmake_clean_cache=False, cmake_clean_first=False, cmake_force_configure=False, ament_cmake_args=None, catkin_cmake_args=None, catkin_skip_building_tests=False, uv_args=None, mixin_files=None, mixin=None, verb_parser=<colcon_mixin.mixin.mixin_argument.MixinArgumentDecorator object at 0x721b0fb514e0>, verb_extension=<colcon_core.verb.build.BuildVerb object at 0x721b0fc11120>, main=<bound method BuildVerb.main of <colcon_core.verb.build.BuildVerb object at 0x721b0fc11120>>, mixin_verb=('build',))
[0.590s] Level 1:colcon.colcon_core.package_discovery:discover_packages(colcon_meta) check parameters
[0.590s] Level 1:colcon.colcon_core.package_discovery:discover_packages(recursive) check parameters
[0.590s] Level 1:colcon.colcon_core.package_discovery:discover_packages(ignore) check parameters
[0.590s] Level 1:colcon.colcon_core.package_discovery:discover_packages(path) check parameters
[0.591s] Level 1:colcon.colcon_core.package_discovery:discover_packages(colcon_meta) discover
[0.591s] Level 1:colcon.colcon_core.package_discovery:discover_packages(recursive) discover
[0.591s] INFO:colcon.colcon_core.package_discovery:Crawling recursively for packages in '/home/afb23/Dev/u2d2_driver'
[0.591s] Level 1:colcon.colcon_core.package_identification:_identify(.) by extensions ['ignore', 'ignore_ament_install']
[0.592s] Level 1:colcon.colcon_core.package_identification:_identify(.) by extension 'ignore'
[0.592s] Level 1:colcon.colcon_core.package_identification:_identify(.) by extension 'ignore_ament_install'
[0.592s] Level 1:colcon.colcon_core.package_identification:_identify(.) by extensions ['colcon_pkg', 'uv']
[0.592s] Level 1:colcon.colcon_core.package_identification:_identify(.) by extension 'colcon_pkg'
[0.592s] Level 1:colcon.colcon_core.package_identification:_identify(.) by extension 'uv'
[0.593s] Level 1:colcon.colcon_core.package_identification:_identify(.) by extensions ['colcon_meta']
[0.593s] Level 1:colcon.colcon_core.package_identification:_identify(.) by extension 'colcon_meta'
[0.594s] Level 1:colcon.colcon_core.package_identification:_identify(.) by extensions ['ros']
[0.594s] Level 1:colcon.colcon_core.package_identification:_identify(.) by extension 'ros'
[0.688s] Level 1:colcon.colcon_core.package_identification:_identify(.) by extensions ['cargo', 'cmake', 'python']
[0.689s] Level 1:colcon.colcon_core.package_identification:_identify(.) by extension 'cargo'
[0.689s] Level 1:colcon.colcon_core.package_identification:_identify(.) by extension 'cmake'
[0.689s] Level 1:colcon.colcon_core.package_identification:_identify(.) by extension 'python'
[0.689s] Level 1:colcon.colcon_core.package_identification:_identify(.) by extensions ['python_setup_py']
[0.689s] Level 1:colcon.colcon_core.package_identification:_identify(.) by extension 'python_setup_py'
[0.690s] Level 1:colcon.colcon_core.package_identification:_identify(__pycache__) by extensions ['ignore', 'ignore_ament_install']
[0.690s] Level 1:colcon.colcon_core.package_identification:_identify(__pycache__) by extension 'ignore'
[0.690s] Level 1:colcon.colcon_core.package_identification:_identify(__pycache__) by extension 'ignore_ament_install'
[0.690s] Level 1:colcon.colcon_core.package_identification:_identify(__pycache__) by extensions ['colcon_pkg', 'uv']
[0.690s] Level 1:colcon.colcon_core.package_identification:_identify(__pycache__) by extension 'colcon_pkg'
[0.690s] Level 1:colcon.colcon_core.package_identification:_identify(__pycache__) by extension 'uv'
[0.690s] Level 1:colcon.colcon_core.package_identification:_identify(__pycache__) by extensions ['colcon_meta']
[0.690s] Level 1:colcon.colcon_core.package_identification:_identify(__pycache__) by extension 'colcon_meta'
[0.691s] Level 1:colcon.colcon_core.package_identification:_identify(__pycache__) by extensions ['ros']
[0.691s] Level 1:colcon.colcon_core.package_identification:_identify(__pycache__) by extension 'ros'
[0.691s] Level 1:colcon.colcon_core.package_identification:_identify(__pycache__) by extensions ['cargo', 'cmake', 'python']
[0.691s] Level 1:colcon.colcon_core.package_identification:_identify(__pycache__) by extension 'cargo'
[0.691s] Level 1:colcon.colcon_core.package_identification:_identify(__pycache__) by extension 'cmake'
[0.691s] Level 1:colcon.colcon_core.package_identification:_identify(__pycache__) by extension 'python'
[0.691s] Level 1:colcon.colcon_core.package_identification:_identify(__pycache__) by extensions ['python_setup_py']
[0.691s] Level 1:colcon.colcon_core.package_identification:_identify(__pycache__) by extension 'python_setup_py'
[0.692s] Level 1:colcon.colcon_core.package_identification:_identify(build) by extensions ['ignore', 'ignore_ament_install']
[0.692s] Level 1:colcon.colcon_core.package_identification:_identify(build) by extension 'ignore'
[0.692s] Level 1:colcon.colcon_core.package_identification:_identify(build) ignored
[0.692s] Level 1:colcon.colcon_core.package_identification:_identify(install) by extensions ['ignore', 'ignore_ament_install']
[0.692s] Level 1:colcon.colcon_core.package_identification:_identify(install) by extension 'ignore'
[0.693s] Level 1:colcon.colcon_core.package_identification:_identify(install) ignored
[0.693s] Level 1:colcon.colcon_core.package_identification:_identify(log) by extensions ['ignore', 'ignore_ament_install']
[0.693s] Level 1:colcon.colcon_core.package_identification:_identify(log) by extension 'ignore'
[0.693s] Level 1:colcon.colcon_core.package_identification:_identify(log) ignored
[0.693s] Level 1:colcon.colcon_core.package_identification:_identify(ros2_wrapper) by extensions ['ignore', 'ignore_ament_install']
[0.693s] Level 1:colcon.colcon_core.package_identification:_identify(ros2_wrapper) by extension 'ignore'
[0.694s] Level 1:colcon.colcon_core.package_identification:_identify(ros2_wrapper) by extension 'ignore_ament_install'
[0.694s] Level 1:colcon.colcon_core.package_identification:_identify(ros2_wrapper) by extensions ['colcon_pkg', 'uv']
[0.694s] Level 1:colcon.colcon_core.package_identification:_identify(ros2_wrapper) by extension 'colcon_pkg'
[0.694s] Level 1:colcon.colcon_core.package_identification:_identify(ros2_wrapper) by extension 'uv'
[0.694s] Level 1:colcon.colcon_core.package_identification:_identify(ros2_wrapper) by extensions ['colcon_meta']
[0.694s] Level 1:colcon.colcon_core.package_identification:_identify(ros2_wrapper) by extension 'colcon_meta'
[0.694s] Level 1:colcon.colcon_core.package_identification:_identify(ros2_wrapper) by extensions ['ros']
[0.694s] Level 1:colcon.colcon_core.package_identification:_identify(ros2_wrapper) by extension 'ros'
[0.694s] Level 1:colcon.colcon_core.package_identification:_identify(ros2_wrapper) by extensions ['cargo', 'cmake', 'python']
[0.694s] Level 1:colcon.colcon_core.package_identification:_identify(ros2_wrapper) by extension 'cargo'
[0.695s] Level 1:colcon.colcon_core.package_identification:_identify(ros2_wrapper) by extension 'cmake'
[0.695s] Level 1:colcon.colcon_core.package_identification:_identify(ros2_wrapper) by extension 'python'
[0.695s] Level 1:colcon.colcon_core.package_identification:_identify(ros2_wrapper) by extensions ['python_setup_py']
[0.695s] Level 1:colcon.colcon_core.package_identification:_identify(ros2_wrapper) by extension 'python_setup_py'
[0.695s] Level 1:colcon.colcon_core.package_identification:_identify(ros2_wrapper/build) by extensions ['ignore', 'ignore_ament_install']
[0.695s] Level 1:colcon.colcon_core.package_identification:_identify(ros2_wrapper/build) by extension 'ignore'
[0.695s] Level 1:colcon.colcon_core.package_identification:_identify(ros2_wrapper/build) ignored
[0.696s] Level 1:colcon.colcon_core.package_identification:_identify(ros2_wrapper/install) by extensions ['ignore', 'ignore_ament_install']
[0.696s] Level 1:colcon.colcon_core.package_identification:_identify(ros2_wrapper/install) by extension 'ignore'
[0.696s] Level 1:colcon.colcon_core.package_identification:_identify(ros2_wrapper/install) ignored
[0.696s] Level 1:colcon.colcon_core.package_identification:_identify(ros2_wrapper/log) by extensions ['ignore', 'ignore_ament_install']
[0.696s] Level 1:colcon.colcon_core.package_identification:_identify(ros2_wrapper/log) by extension 'ignore'
[0.696s] Level 1:colcon.colcon_core.package_identification:_identify(ros2_wrapper/log) ignored
[0.697s] Level 1:colcon.colcon_core.package_identification:_identify(ros2_wrapper/src) by extensions ['ignore', 'ignore_ament_install']
[0.697s] Level 1:colcon.colcon_core.package_identification:_identify(ros2_wrapper/src) by extension 'ignore'
[0.697s] Level 1:colcon.colcon_core.package_identification:_identify(ros2_wrapper/src) by extension 'ignore_ament_install'
[0.697s] Level 1:colcon.colcon_core.package_identification:_identify(ros2_wrapper/src) by extensions ['colcon_pkg', 'uv']
[0.697s] Level 1:colcon.colcon_core.package_identification:_identify(ros2_wrapper/src) by extension 'colcon_pkg'
[0.697s] Level 1:colcon.colcon_core.package_identification:_identify(ros2_wrapper/src) by extension 'uv'
[0.697s] Level 1:colcon.colcon_core.package_identification:_identify(ros2_wrapper/src) by extensions ['colcon_meta']
[0.697s] Level 1:colcon.colcon_core.package_identification:_identify(ros2_wrapper/src) by extension 'colcon_meta'
[0.698s] Level 1:colcon.colcon_core.package_identification:_identify(ros2_wrapper/src) by extensions ['ros']
[0.698s] Level 1:colcon.colcon_core.package_identification:_identify(ros2_wrapper/src) by extension 'ros'
[0.698s] Level 1:colcon.colcon_core.package_identification:_identify(ros2_wrapper/src) by extensions ['cargo', 'cmake', 'python']
[0.698s] Level 1:colcon.colcon_core.package_identification:_identify(ros2_wrapper/src) by extension 'cargo'
[0.698s] Level 1:colcon.colcon_core.package_identification:_identify(ros2_wrapper/src) by extension 'cmake'
[0.698s] Level 1:colcon.colcon_core.package_identification:_identify(ros2_wrapper/src) by extension 'python'
[0.698s] Level 1:colcon.colcon_core.package_identification:_identify(ros2_wrapper/src) by extensions ['python_setup_py']
[0.698s] Level 1:colcon.colcon_core.package_identification:_identify(ros2_wrapper/src) by extension 'python_setup_py'
[0.698s] Level 1:colcon.colcon_core.package_identification:_identify(ros2_wrapper/src/u2d2_driver_ros) by extensions ['ignore', 'ignore_ament_install']
[0.699s] Level 1:colcon.colcon_core.package_identification:_identify(ros2_wrapper/src/u2d2_driver_ros) by extension 'ignore'
[0.699s] Level 1:colcon.colcon_core.package_identification:_identify(ros2_wrapper/src/u2d2_driver_ros) by extension 'ignore_ament_install'
[0.699s] Level 1:colcon.colcon_core.package_identification:_identify(ros2_wrapper/src/u2d2_driver_ros) by extensions ['colcon_pkg', 'uv']
[0.699s] Level 1:colcon.colcon_core.package_identification:_identify(ros2_wrapper/src/u2d2_driver_ros) by extension 'colcon_pkg'
[0.699s] Level 1:colcon.colcon_core.package_identification:_identify(ros2_wrapper/src/u2d2_driver_ros) by extension 'uv'
[0.700s] DEBUG:colcon.colcon_core.package_identification:Package 'ros2_wrapper/src/u2d2_driver_ros' with type 'uv.python' and name 'u2d2_driver_ros'
[0.700s] Level 1:colcon.colcon_core.package_discovery:discover_packages(recursive) using defaults
[0.701s] Level 1:colcon.colcon_core.package_discovery:discover_packages(ignore) discover
[0.701s] Level 1:colcon.colcon_core.package_discovery:discover_packages(ignore) using defaults
[0.701s] Level 1:colcon.colcon_core.package_discovery:discover_packages(path) discover
[0.701s] Level 1:colcon.colcon_core.package_discovery:discover_packages(path) using defaults
[0.774s] Level 1:colcon.colcon_core.package_discovery:discover_packages(prefix_path) check parameters
[0.774s] Level 1:colcon.colcon_core.package_discovery:discover_packages(prefix_path) discover
[0.794s] DEBUG:colcon.colcon_installed_package_information.package_discovery:Found 1 installed packages in /home/afb23/Dev/u2d2_driver/ros2_wrapper/install
[0.798s] DEBUG:colcon.colcon_installed_package_information.package_discovery:Found 32 installed packages in /home/afb23/aerostack2_ws/install
[0.800s] DEBUG:colcon.colcon_installed_package_information.package_discovery:Found 2 installed packages in /home/afb23/collection_data/radarstack/ros2_wrapper/install
[0.801s] DEBUG:colcon.colcon_installed_package_information.package_discovery:Found 2 installed packages in /home/afb23/Dev/ws_livox/install
[0.803s] DEBUG:colcon.colcon_installed_package_information.package_discovery:Found 11 installed packages in /home/afb23/Dev/px4_dev/ros2_ws/install
[0.805s] DEBUG:colcon.colcon_installed_package_information.package_discovery:Found 2 installed packages in /home/afb23/Dev/radarml_ros2/install
[0.807s] DEBUG:colcon.colcon_installed_package_information.package_discovery:Found 7 installed packages in /home/afb23/mmwave_dev/ros2_ws/install
[0.811s] DEBUG:colcon.colcon_installed_package_information.package_discovery:Found 23 installed packages in /home/afb23/Dev/zed_ws/install
[0.822s] DEBUG:colcon.colcon_installed_package_information.package_discovery:Found 389 installed packages in /opt/ros/humble
[0.834s] Level 1:colcon.colcon_core.package_discovery:discover_packages(prefix_path) using defaults
[1.121s] Level 5:colcon.colcon_core.verb:set package 'u2d2_driver_ros' build argument 'cargo_args' from command line to 'None'
[1.121s] Level 5:colcon.colcon_core.verb:set package 'u2d2_driver_ros' build argument 'clean_build' from command line to 'False'
[1.121s] Level 5:colcon.colcon_core.verb:set package 'u2d2_driver_ros' build argument 'cmake_args' from command line to 'None'
[1.121s] Level 5:colcon.colcon_core.verb:set package 'u2d2_driver_ros' build argument 'cmake_target' from command line to 'None'
[1.122s] Level 5:colcon.colcon_core.verb:set package 'u2d2_driver_ros' build argument 'cmake_target_skip_unavailable' from command line to 'False'
[1.122s] Level 5:colcon.colcon_core.verb:set package 'u2d2_driver_ros' build argument 'cmake_clean_cache' from command line to 'False'
[1.122s] Level 5:colcon.colcon_core.verb:set package 'u2d2_driver_ros' build argument 'cmake_clean_first' from command line to 'False'
[1.122s] Level 5:colcon.colcon_core.verb:set package 'u2d2_driver_ros' build argument 'cmake_force_configure' from command line to 'False'
[1.122s] Level 5:colcon.colcon_core.verb:set package 'u2d2_driver_ros' build argument 'ament_cmake_args' from command line to 'None'
[1.122s] Level 5:colcon.colcon_core.verb:set package 'u2d2_driver_ros' build argument 'catkin_cmake_args' from command line to 'None'
[1.122s] Level 5:colcon.colcon_core.verb:set package 'u2d2_driver_ros' build argument 'catkin_skip_building_tests' from command line to 'False'
[1.122s] Level 5:colcon.colcon_core.verb:set package 'u2d2_driver_ros' build argument 'uv_args' from command line to 'None'
[1.122s] DEBUG:colcon.colcon_core.verb:Building package 'u2d2_driver_ros' with the following arguments: {'ament_cmake_args': None, 'build_base': '/home/afb23/Dev/u2d2_driver/build/u2d2_driver_ros', 'cargo_args': None, 'catkin_cmake_args': None, 'catkin_skip_building_tests': False, 'clean_build': False, 'cmake_args': None, 'cmake_clean_cache': False, 'cmake_clean_first': False, 'cmake_force_configure': False, 'cmake_target': None, 'cmake_target_skip_unavailable': False, 'install_base': '/home/afb23/Dev/u2d2_driver/install/u2d2_driver_ros', 'merge_install': False, 'path': '/home/afb23/Dev/u2d2_driver/ros2_wrapper/src/u2d2_driver_ros', 'symlink_install': False, 'test_result_base': None, 'uv_args': None}
[1.123s] INFO:colcon.colcon_core.executor:Executing jobs using 'parallel' executor
[1.127s] DEBUG:colcon.colcon_parallel_executor.executor.parallel:run_until_complete
[1.128s] INFO:colcon.colcon.uv.task.build:Installing package with all dependencies...
[1.131s] INFO:colcon.uv.dependencies:Using Python version from .python-version: 3.10
[2.384s] INFO:colcon.colcon.uv.task.build:Created executable symlink: /home/afb23/Dev/u2d2_driver/install/u2d2_driver_ros/lib/u2d2_driver_ros/u2d2_node -> /home/afb23/Dev/u2d2_driver/install/u2d2_driver_ros/venv/bin/u2d2_node
[2.385s] Level 1:colcon.colcon_core.shell:create_environment_hook('u2d2_driver_ros', 'ament_prefix_path')
[2.387s] INFO:colcon.colcon_core.plugin_system:Skipping extension 'colcon_core.shell.bat': Not used on non-Windows systems
[2.387s] INFO:colcon.colcon_core.shell:Creating environment hook '/home/afb23/Dev/u2d2_driver/install/u2d2_driver_ros/u2d2_driver_ros/share/u2d2_driver_ros/hook/ament_prefix_path.ps1'
[2.387s] INFO:colcon.colcon_core.shell:Creating environment descriptor '/home/afb23/Dev/u2d2_driver/install/u2d2_driver_ros/u2d2_driver_ros/share/u2d2_driver_ros/hook/ament_prefix_path.dsv'
[2.388s] INFO:colcon.colcon_core.shell:Creating environment hook '/home/afb23/Dev/u2d2_driver/install/u2d2_driver_ros/u2d2_driver_ros/share/u2d2_driver_ros/hook/ament_prefix_path.sh'
[2.390s] Level 1:colcon.colcon_core.environment:checking '/home/afb23/Dev/u2d2_driver/install/u2d2_driver_ros/u2d2_driver_ros' for CMake module files
[2.390s] Level 1:colcon.colcon_core.environment:checking '/home/afb23/Dev/u2d2_driver/install/u2d2_driver_ros/u2d2_driver_ros' for CMake config files
[2.391s] Level 1:colcon.colcon_core.environment:checking '/home/afb23/Dev/u2d2_driver/install/u2d2_driver_ros/u2d2_driver_ros/bin'
[2.391s] Level 1:colcon.colcon_core.environment:checking '/home/afb23/Dev/u2d2_driver/install/u2d2_driver_ros/u2d2_driver_ros/lib/pkgconfig/u2d2_driver_ros.pc'
[2.391s] Level 1:colcon.colcon_core.environment:checking '/home/afb23/Dev/u2d2_driver/install/u2d2_driver_ros/u2d2_driver_ros/lib/python3.10/site-packages'
[2.391s] Level 1:colcon.colcon_core.environment:checking '/home/afb23/Dev/u2d2_driver/install/u2d2_driver_ros/u2d2_driver_ros/bin'
[2.391s] Level 1:colcon.colcon_core.environment:create_environment_scripts_only(u2d2_driver_ros)
[2.392s] INFO:colcon.colcon_core.shell:Creating package script '/home/afb23/Dev/u2d2_driver/install/u2d2_driver_ros/share/u2d2_driver_ros/package.ps1'
[2.393s] INFO:colcon.colcon_core.shell:Creating package descriptor '/home/afb23/Dev/u2d2_driver/install/u2d2_driver_ros/share/u2d2_driver_ros/package.dsv'
[2.393s] INFO:colcon.colcon_core.shell:Creating package script '/home/afb23/Dev/u2d2_driver/install/u2d2_driver_ros/share/u2d2_driver_ros/package.sh'
[2.394s] INFO:colcon.colcon_core.shell:Creating package script '/home/afb23/Dev/u2d2_driver/install/u2d2_driver_ros/share/u2d2_driver_ros/package.bash'
[2.395s] INFO:colcon.colcon_core.shell:Creating package script '/home/afb23/Dev/u2d2_driver/install/u2d2_driver_ros/share/u2d2_driver_ros/package.zsh'
[2.396s] Level 1:colcon.colcon_core.environment:create_file_with_runtime_dependencies(/home/afb23/Dev/u2d2_driver/install/u2d2_driver_ros/share/colcon-core/packages/u2d2_driver_ros)
[2.397s] DEBUG:colcon.colcon_parallel_executor.executor.parallel:closing loop
[2.397s] DEBUG:colcon.colcon_parallel_executor.executor.parallel:loop closed
[2.397s] DEBUG:colcon.colcon_parallel_executor.executor.parallel:run_until_complete finished with '0'
[2.397s] DEBUG:colcon.colcon_core.event_reactor:joining thread
[2.402s] INFO:colcon.colcon_core.plugin_system:Skipping extension 'colcon_notification.desktop_notification.terminal_notifier': Not used on non-Darwin systems
[2.402s] INFO:colcon.colcon_core.plugin_system:Skipping extension 'colcon_notification.desktop_notification.win32': Not used on non-Windows systems
[2.402s] INFO:colcon.colcon_notification.desktop_notification:Sending desktop notification using 'notify2'
[2.417s] DEBUG:colcon.colcon_core.event_reactor:joined thread
[2.418s] INFO:colcon.colcon_core.shell:Creating prefix script '/home/afb23/Dev/u2d2_driver/install/local_setup.ps1'
[2.419s] INFO:colcon.colcon_core.shell:Creating prefix util module '/home/afb23/Dev/u2d2_driver/install/_local_setup_util_ps1.py'
[2.421s] INFO:colcon.colcon_core.shell:Creating prefix chain script '/home/afb23/Dev/u2d2_driver/install/setup.ps1'
[2.424s] INFO:colcon.colcon_core.shell:Creating prefix script '/home/afb23/Dev/u2d2_driver/install/local_setup.sh'
[2.425s] INFO:colcon.colcon_core.shell:Creating prefix util module '/home/afb23/Dev/u2d2_driver/install/_local_setup_util_sh.py'
[2.425s] INFO:colcon.colcon_core.shell:Creating prefix chain script '/home/afb23/Dev/u2d2_driver/install/setup.sh'
[2.428s] INFO:colcon.colcon_core.shell:Creating prefix script '/home/afb23/Dev/u2d2_driver/install/local_setup.bash'
[2.429s] INFO:colcon.colcon_core.shell:Creating prefix chain script '/home/afb23/Dev/u2d2_driver/install/setup.bash'
[2.432s] INFO:colcon.colcon_core.shell:Creating prefix script '/home/afb23/Dev/u2d2_driver/install/local_setup.zsh'
[2.432s] INFO:colcon.colcon_core.shell:Creating prefix chain script '/home/afb23/Dev/u2d2_driver/install/setup.zsh'
